Wed Sep  5 16:32:54 EDT 2018
evc1
/home/course.sigai/data-science/fa18
[W 16:32:56.578 NotebookApp] WARNING: The notebook server is listening on all IP addresses and not using encryption. This is not recommended.
[W 16:32:56.578 NotebookApp] WARNING: The notebook server is listening on all IP addresses and not using authentication. This is highly insecure and not recommended.
[I 16:32:56.994 NotebookApp] JupyterLab extension loaded from /home/course.sigai/.local/lib/python3.6/site-packages/jupyterlab
[I 16:32:56.994 NotebookApp] JupyterLab application directory is /lustre/fs0/home/course.sigai/.local/share/jupyter/lab
[I 16:32:57.021 NotebookApp] Serving notebooks from local directory: /lustre/fs0/home/course.sigai/data-science/fa18
[I 16:32:57.021 NotebookApp] The Jupyter Notebook is running at:
[I 16:32:57.021 NotebookApp] http://(evc1 or 127.0.0.1):30000/
[I 16:32:57.021 NotebookApp] Use Control-C to stop this server and shut down all kernels (twice to skip confirmation).
[I 16:33:02.203 NotebookApp] Kernel started: 6d860688-a0ad-464b-9bba-5e250c805244
[I 16:33:02.208 NotebookApp] 302 GET /notebooks/2018-09-05-learn-numpy-pandas/banner.jpg (172.17.0.242) 1.34ms
[I 16:33:03.473 NotebookApp] Adapting to protocol v5.1 for kernel 6d860688-a0ad-464b-9bba-5e250c805244
[I 16:33:10.982 NotebookApp] Starting buffering for 6d860688-a0ad-464b-9bba-5e250c805244:dbc326aa2e044bd5aae7bd77745cbb0c
[I 16:33:11.578 NotebookApp] 302 GET /notebooks/2018-09-05-learn-numpy-pandas/banner.jpg (172.17.0.242) 0.76ms
[I 16:33:12.693 NotebookApp] Adapting to protocol v5.1 for kernel 6d860688-a0ad-464b-9bba-5e250c805244
[I 16:39:33.445 NotebookApp] Saving file at /2018-09-05-learn-numpy-pandas/2018-09-05-learn-numpy-pandas.ipynb
[I 16:39:34.752 NotebookApp] Kernel interrupted: 6d860688-a0ad-464b-9bba-5e250c805244
[I 16:39:37.939 NotebookApp] Starting buffering for 6d860688-a0ad-464b-9bba-5e250c805244:e5b17acc11c34a169223923a1a47be2e
[I 16:39:38.260 NotebookApp] Kernel restarted: 6d860688-a0ad-464b-9bba-5e250c805244
[I 16:39:38.971 NotebookApp] Adapting to protocol v5.1 for kernel 6d860688-a0ad-464b-9bba-5e250c805244
[I 16:39:38.972 NotebookApp] Restoring connection for 6d860688-a0ad-464b-9bba-5e250c805244:e5b17acc11c34a169223923a1a47be2e
[I 16:39:38.972 NotebookApp] Replaying 6 buffered messages
[I 16:41:12.660 NotebookApp] Saving file at /2018-09-05-learn-numpy-pandas/2018-09-05-learn-numpy-pandas.ipynb
[I 16:43:13.683 NotebookApp] Saving file at /2018-09-05-learn-numpy-pandas/2018-09-05-learn-numpy-pandas.ipynb
[I 16:45:12.784 NotebookApp] Saving file at /2018-09-05-learn-numpy-pandas/2018-09-05-learn-numpy-pandas.ipynb
[I 16:49:12.690 NotebookApp] Saving file at /2018-09-05-learn-numpy-pandas/2018-09-05-learn-numpy-pandas.ipynb
[I 16:49:49.787 NotebookApp] Saving file at /2018-09-05-learn-numpy-pandas/2018-09-05-learn-numpy-pandas.ipynb
[I 16:49:51.115 NotebookApp] Saving file at /2018-09-05-learn-numpy-pandas/2018-09-05-learn-numpy-pandas.ipynb
[I 16:50:37.656 NotebookApp] Saving file at /2018-09-05-learn-numpy-pandas/2018-09-05-learn-numpy-pandas.ipynb
[I 16:51:12.680 NotebookApp] Saving file at /2018-09-05-learn-numpy-pandas/2018-09-05-learn-numpy-pandas.ipynb
[I 16:52:47.290 NotebookApp] Saving file at /2018-09-05-learn-numpy-pandas/2018-09-05-learn-numpy-pandas.ipynb
[I 16:55:12.704 NotebookApp] Saving file at /2018-09-05-learn-numpy-pandas/2018-09-05-learn-numpy-pandas.ipynb
[I 16:55:35.340 NotebookApp] Saving file at /2018-09-05-learn-numpy-pandas/2018-09-05-learn-numpy-pandas.ipynb
[I 16:58:13.203 NotebookApp] Saving file at /2018-09-05-learn-numpy-pandas/2018-09-05-learn-numpy-pandas.ipynb
[I 16:59:32.251 NotebookApp] Saving file at /2018-09-05-learn-numpy-pandas/2018-09-05-learn-numpy-pandas.ipynb
[I 16:59:42.165 NotebookApp] Saving file at /2018-09-05-learn-numpy-pandas/2018-09-05-learn-numpy-pandas.ipynb
[I 17:00:46.733 NotebookApp] Saving file at /2018-09-05-learn-numpy-pandas/2018-09-05-learn-numpy-pandas.ipynb
[I 17:01:03.704 NotebookApp] Saving file at /2018-09-05-learn-numpy-pandas/2018-09-05-learn-numpy-pandas.ipynb
[I 17:04:31.291 NotebookApp] Saving file at /2018-09-05-learn-numpy-pandas/2018-09-05-learn-numpy-pandas.ipynb
[I 17:05:12.692 NotebookApp] Saving file at /2018-09-05-learn-numpy-pandas/2018-09-05-learn-numpy-pandas.ipynb
[I 17:07:12.693 NotebookApp] Saving file at /2018-09-05-learn-numpy-pandas/2018-09-05-learn-numpy-pandas.ipynb
[I 17:09:12.702 NotebookApp] Saving file at /2018-09-05-learn-numpy-pandas/2018-09-05-learn-numpy-pandas.ipynb
[I 17:10:44.379 NotebookApp] Saving file at /2018-09-05-learn-numpy-pandas/2018-09-05-learn-numpy-pandas.ipynb
[I 17:11:12.698 NotebookApp] Saving file at /2018-09-05-learn-numpy-pandas/2018-09-05-learn-numpy-pandas.ipynb
[I 17:11:12.819 NotebookApp] Saving file at /2018-09-05-learn-numpy-pandas/2018-09-05-learn-numpy-pandas.ipynb
[I 17:11:56.787 NotebookApp] Saving file at /2018-09-05-learn-numpy-pandas/2018-09-05-learn-numpy-pandas.ipynb
[I 17:13:12.702 NotebookApp] Saving file at /2018-09-05-learn-numpy-pandas/2018-09-05-learn-numpy-pandas.ipynb
[I 17:13:17.915 NotebookApp] Saving file at /2018-09-05-learn-numpy-pandas/2018-09-05-learn-numpy-pandas.ipynb
[I 17:15:12.704 NotebookApp] Saving file at /2018-09-05-learn-numpy-pandas/2018-09-05-learn-numpy-pandas.ipynb
[I 17:15:35.398 NotebookApp] Saving file at /2018-09-05-learn-numpy-pandas/2018-09-05-learn-numpy-pandas.ipynb
[I 17:16:37.136 NotebookApp] Saving file at /2018-09-05-learn-numpy-pandas/2018-09-05-learn-numpy-pandas.ipynb
[I 17:17:12.999 NotebookApp] Saving file at /2018-09-05-learn-numpy-pandas/2018-09-05-learn-numpy-pandas.ipynb
[I 17:19:00.174 NotebookApp] Saving file at /2018-09-05-learn-numpy-pandas/2018-09-05-learn-numpy-pandas.ipynb
[I 17:19:12.712 NotebookApp] Saving file at /2018-09-05-learn-numpy-pandas/2018-09-05-learn-numpy-pandas.ipynb
[I 17:20:10.142 NotebookApp] Saving file at /2018-09-05-learn-numpy-pandas/2018-09-05-learn-numpy-pandas.ipynb
[I 17:20:16.255 NotebookApp] Saving file at /2018-09-05-learn-numpy-pandas/2018-09-05-learn-numpy-pandas.ipynb
[I 17:20:24.688 NotebookApp] Saving file at /2018-09-05-learn-numpy-pandas/2018-09-05-learn-numpy-pandas.ipynb
[I 17:21:12.704 NotebookApp] Saving file at /2018-09-05-learn-numpy-pandas/2018-09-05-learn-numpy-pandas.ipynb
[I 17:21:15.959 NotebookApp] Saving file at /2018-09-05-learn-numpy-pandas/2018-09-05-learn-numpy-pandas.ipynb
[I 17:21:44.590 NotebookApp] Saving file at /2018-09-05-learn-numpy-pandas/2018-09-05-learn-numpy-pandas.ipynb
[I 17:21:59.702 NotebookApp] Saving file at /2018-09-05-learn-numpy-pandas/2018-09-05-learn-numpy-pandas.ipynb
[I 17:22:00.417 NotebookApp] Saving file at /2018-09-05-learn-numpy-pandas/2018-09-05-learn-numpy-pandas.ipynb
[I 17:22:25.907 NotebookApp] Saving file at /2018-09-05-learn-numpy-pandas/2018-09-05-learn-numpy-pandas.ipynb
[I 17:24:14.845 NotebookApp] Saving file at /2018-09-05-learn-numpy-pandas/2018-09-05-learn-numpy-pandas.ipynb
[I 17:25:12.717 NotebookApp] Saving file at /2018-09-05-learn-numpy-pandas/2018-09-05-learn-numpy-pandas.ipynb
[I 17:26:58.008 NotebookApp] Saving file at /2018-09-05-learn-numpy-pandas/2018-09-05-learn-numpy-pandas.ipynb
[I 17:26:58.781 NotebookApp] Saving file at /2018-09-05-learn-numpy-pandas/2018-09-05-learn-numpy-pandas.ipynb
[I 17:27:12.714 NotebookApp] Saving file at /2018-09-05-learn-numpy-pandas/2018-09-05-learn-numpy-pandas.ipynb
[I 17:27:15.411 NotebookApp] Saving file at /2018-09-05-learn-numpy-pandas/2018-09-05-learn-numpy-pandas.ipynb
[I 17:28:42.423 NotebookApp] Saving file at /2018-09-05-learn-numpy-pandas/2018-09-05-learn-numpy-pandas.ipynb
[I 17:28:43.374 NotebookApp] Saving file at /2018-09-05-learn-numpy-pandas/2018-09-05-learn-numpy-pandas.ipynb
[I 17:28:52.457 NotebookApp] Saving file at /2018-09-05-learn-numpy-pandas/2018-09-05-learn-numpy-pandas.ipynb
[W 17:31:08.973 NotebookApp] WebSocket ping timeout after 119926 ms.
[I 17:31:13.978 NotebookApp] Starting buffering for 6d860688-a0ad-464b-9bba-5e250c805244:e5b17acc11c34a169223923a1a47be2e
[I 17:37:21.673 NotebookApp] Saving file at /2018-09-05-learn-numpy-pandas/2018-09-05-learn-numpy-pandas.ipynb
[I 17:39:25.164 NotebookApp] Saving file at /2018-09-05-learn-numpy-pandas/2018-09-05-learn-numpy-pandas.ipynb
[I 17:40:00.262 NotebookApp] Saving file at /2018-09-05-learn-numpy-pandas/2018-09-05-learn-numpy-pandas.ipynb
[I 17:41:21.461 NotebookApp] Saving file at /2018-09-05-learn-numpy-pandas/2018-09-05-learn-numpy-pandas.ipynb
[I 17:41:32.129 NotebookApp] Saving file at /2018-09-05-learn-numpy-pandas/2018-09-05-learn-numpy-pandas.ipynb
[I 17:41:45.198 NotebookApp] Saving file at /2018-09-05-learn-numpy-pandas/2018-09-05-learn-numpy-pandas.ipynb
[I 17:42:11.849 NotebookApp] Saving file at /2018-09-05-learn-numpy-pandas/2018-09-05-learn-numpy-pandas.ipynb
[I 17:43:46.110 NotebookApp] Saving file at /2018-09-05-learn-numpy-pandas/2018-09-05-learn-numpy-pandas.ipynb
[I 17:43:46.302 NotebookApp] Saving file at /2018-09-05-learn-numpy-pandas/2018-09-05-learn-numpy-pandas.ipynb
[I 17:43:48.949 NotebookApp] Kernel restarted: 6d860688-a0ad-464b-9bba-5e250c805244
[I 17:43:49.623 NotebookApp] Adapting to protocol v5.1 for kernel 6d860688-a0ad-464b-9bba-5e250c805244
[I 17:43:49.624 NotebookApp] Restoring connection for 6d860688-a0ad-464b-9bba-5e250c805244:e5b17acc11c34a169223923a1a47be2e
[I 17:43:49.624 NotebookApp] Replaying 3 buffered messages
[I 17:45:21.603 NotebookApp] Saving file at /2018-09-05-learn-numpy-pandas/2018-09-05-learn-numpy-pandas.ipynb
[I 17:46:23.731 NotebookApp] Saving file at /2018-09-05-learn-numpy-pandas/2018-09-05-learn-numpy-pandas.ipynb
[I 17:46:36.762 NotebookApp] Saving file at /2018-09-05-learn-numpy-pandas/2018-09-05-learn-numpy-pandas.ipynb
[I 17:47:21.328 NotebookApp] Saving file at /2018-09-05-learn-numpy-pandas/2018-09-05-learn-numpy-pandas.ipynb
[I 17:47:21.864 NotebookApp] Saving file at /2018-09-05-learn-numpy-pandas/2018-09-05-learn-numpy-pandas.ipynb
[I 17:47:23.468 NotebookApp] Saving file at /2018-09-05-learn-numpy-pandas/2018-09-05-learn-numpy-pandas.ipynb
[I 17:48:05.620 NotebookApp] Saving file at /2018-09-05-learn-numpy-pandas/2018-09-05-learn-numpy-pandas.ipynb
[I 17:48:38.987 NotebookApp] Saving file at /2018-09-05-learn-numpy-pandas/2018-09-05-learn-numpy-pandas.ipynb
[I 17:48:43.145 NotebookApp] Saving file at /2018-09-05-learn-numpy-pandas/2018-09-05-learn-numpy-pandas.ipynb
[I 17:49:03.781 NotebookApp] Saving file at /2018-09-05-learn-numpy-pandas/2018-09-05-learn-numpy-pandas.ipynb
[I 17:49:16.726 NotebookApp] Saving file at /2018-09-05-learn-numpy-pandas/2018-09-05-learn-numpy-pandas.ipynb
[I 17:49:21.339 NotebookApp] Saving file at /2018-09-05-learn-numpy-pandas/2018-09-05-learn-numpy-pandas.ipynb
[I 17:49:23.985 NotebookApp] Saving file at /2018-09-05-learn-numpy-pandas/2018-09-05-learn-numpy-pandas.ipynb
[I 17:51:21.343 NotebookApp] Saving file at /2018-09-05-learn-numpy-pandas/2018-09-05-learn-numpy-pandas.ipynb
[I 17:51:30.445 NotebookApp] Saving file at /2018-09-05-learn-numpy-pandas/2018-09-05-learn-numpy-pandas.ipynb
[I 17:51:39.242 NotebookApp] Saving file at /2018-09-05-learn-numpy-pandas/2018-09-05-learn-numpy-pandas.ipynb
[I 17:51:41.011 NotebookApp] Saving file at /2018-09-05-learn-numpy-pandas/2018-09-05-learn-numpy-pandas.ipynb
[I 17:51:44.869 NotebookApp] Saving file at /2018-09-05-learn-numpy-pandas/2018-09-05-learn-numpy-pandas.ipynb
[I 17:51:45.029 NotebookApp] Saving file at /2018-09-05-learn-numpy-pandas/2018-09-05-learn-numpy-pandas.ipynb
[I 17:51:48.921 NotebookApp] Saving file at /2018-09-05-learn-numpy-pandas/2018-09-05-learn-numpy-pandas.ipynb
[I 17:51:50.249 NotebookApp] Saving file at /2018-09-05-learn-numpy-pandas/2018-09-05-learn-numpy-pandas.ipynb
[I 17:51:55.975 NotebookApp] Starting buffering for 6d860688-a0ad-464b-9bba-5e250c805244:e5b17acc11c34a169223923a1a47be2e
[I 17:51:56.328 NotebookApp] Kernel restarted: 6d860688-a0ad-464b-9bba-5e250c805244
[I 17:51:57.106 NotebookApp] Adapting to protocol v5.1 for kernel 6d860688-a0ad-464b-9bba-5e250c805244
[I 17:51:57.107 NotebookApp] Restoring connection for 6d860688-a0ad-464b-9bba-5e250c805244:e5b17acc11c34a169223923a1a47be2e
[I 17:51:57.107 NotebookApp] Replaying 3 buffered messages
[I 17:51:59.843 NotebookApp] Saving file at /2018-09-05-learn-numpy-pandas/2018-09-05-learn-numpy-pandas.ipynb
[I 17:51:59.987 NotebookApp] Saving file at /2018-09-05-learn-numpy-pandas/2018-09-05-learn-numpy-pandas.ipynb
